<?xml version="1.0" encoding="UTF-8"?>
<testsuite name="백준 문제 테스트" tests="2" skipped="0" failures="0" errors="0" timestamp="2023-12-12T03:22:39" hostname="yunhuijong-ui-MacBookPro.local" time="0.014">
  <properties/>
  <testcase name="[1] 12, 12" classname="MainTest" time="0.012"/>
  <testcase name="[2] 12042, 12042" classname="MainTest" time="0.001"/>
  <system-out><![CDATA[]]></system-out>
  <system-err><![CDATA[]]></system-err>
</testsuite>
