<?xml version="1.0" encoding="UTF-8"?>
<testsuite name="백준 문제 테스트" tests="2" skipped="0" failures="0" errors="0" timestamp="2023-12-22T01:35:45" hostname="yunhuijong-ui-MacBookPro.local" time="0.014">
  <properties/>
  <testcase name="[1] 2&#10;4 4&#10;10 1 100 10&#10;1 2&#10;1 3&#10;2 4&#10;3 4&#10;4&#10;8 8&#10;10 20 1 5 8 7 1 43&#10;1 2&#10;1 3&#10;2 4&#10;2 5&#10;3 6&#10;5 7&#10;6 7&#10;7 8&#10;7, 120&#10;39" classname="MainTest" time="0.012"/>
  <testcase name="[2] 5&#10;3 2&#10;1 2 3&#10;3 2&#10;2 1&#10;1&#10;4 3&#10;5 5 5 5&#10;1 2&#10;1 3&#10;2 3&#10;4&#10;5 10&#10;100000 99999 99997 99994 99990&#10;4 5&#10;3 5&#10;3 4&#10;2 5&#10;2 4&#10;2 3&#10;1 5&#10;1 4&#10;1 3&#10;1 2&#10;4&#10;4 3&#10;1 1 1 1&#10;1 2&#10;3 2&#10;1 4&#10;4&#10;7 8&#10;0 0 0 0 0 0 0&#10;1 2&#10;1 3&#10;2 4&#10;3 4&#10;4 5&#10;4 6&#10;5 7&#10;6 7&#10;7, 6&#10;5&#10;399990&#10;2&#10;0" classname="MainTest" time="0.001"/>
  <system-out><![CDATA[]]></system-out>
  <system-err><![CDATA[]]></system-err>
</testsuite>
