<?xml version="1.0" encoding="UTF-8"?>
<testsuite name="백준 문제 테스트" tests="1" skipped="0" failures="0" errors="0" timestamp="2023-12-23T00:38:53" hostname="yunhuijong-ui-MacBookPro.local" time="0.013">
  <properties/>
  <testcase name="[1] 3&#10;0 3&#10;1 5&#10;45 50, 3&#10;3&#10;4" classname="MainTest" time="0.013"/>
  <system-out><![CDATA[]]></system-out>
  <system-err><![CDATA[]]></system-err>
</testsuite>
